<?xml version="1.0" encoding="UTF-8"?>
<testsuite xmlns:xsi="http://www.w3.org/2001/XMLSchema-instance" xsi:noNamespaceSchemaLocation="https://maven.apache.org/surefire/maven-surefire-plugin/xsd/surefire-test-report-3.0.xsd" version="3.0" name="br.com.diogo.App.Contatos.AppContatosApplicationTests" time="7.781" tests="1" errors="0" skipped="0" failures="0">
  <properties>
[...]
</properties>
  <testcase name="contextLoads" classname="br.com.diogo.App.Contatos.AppContatosApplicationTests" time="0.765">
    <system-out><![CDATA[10:49:21.065 [main] INFO org.springframework.test.context.support.AnnotationConfigContextLoaderUtils -- Could not detect default configuration classes for test class [br.com.diogo.App.Contatos.AppContatosApplicationTests]: AppContatosApplicationTests does not declare any static, non-private, non-final, nested classes annotated with @Configuration.
10:49:21.208 [main] INFO org.springframework.boot.test.context.SpringBootTestContextBootstrapper -- Found @SpringBootConfiguration br.com.diogo.App.Contatos.AppContatosApplication for test class br.com.diogo.App.Contatos.AppContatosApplicationTests
10:49:21.438 [main] INFO org.springframework.boot.devtools.restart.RestartApplicationListener -- Restart disabled due to context in which it is running

  .   ____          _            __ _ _
 /\\ / ___'_ __ _ _(_)_ __  __ _ \ \ \ \
( ( )\___ | '_ | '_| | '_ \/ _` | \ \ \ \
 \\/  ___)| |_)| | | | | || (_| |  ) ) ) )
  '  |____| .__|_| |_|_| |_\__, | / / / /
 =========|_|==============|___/=/_/_/_/
 :: Spring Boot ::                (v3.1.9)

2024-03-10T10:49:21.886-03:00  INFO 21220 --- [           main] b.c.d.A.C.AppContatosApplicationTests    : Starting AppContatosApplicationTests using Java 21.0.2 with PID 21220 (started by diogo in C:\dev\aulaJava\Java2024Itau\AppContatos)
2024-03-10T10:49:21.888-03:00  INFO 21220 --- [           main] b.c.d.A.C.AppContatosApplicationTests    : No active profile set, falling back to 1 default profile: "default"
2024-03-10T10:49:22.964-03:00  INFO 21220 --- [           main] .s.d.r.c.RepositoryConfigurationDelegate : Bootstrapping Spring Data JPA repositories in DEFAULT mode.
2024-03-10T10:49:23.087-03:00  INFO 21220 --- [           main] .s.d.r.c.RepositoryConfigurationDelegate : Finished Spring Data repository scanning in 98 ms. Found 3 JPA repository interfaces.
2024-03-10T10:49:23.710-03:00  INFO 21220 --- [           main] com.zaxxer.hikari.HikariDataSource       : HikariPool-1 - Starting...
2024-03-10T10:49:24.150-03:00  INFO 21220 --- [           main] com.zaxxer.hikari.pool.HikariPool        : HikariPool-1 - Added connection conn0: url=jdbc:h2:~/test user=SA
2024-03-10T10:49:24.153-03:00  INFO 21220 --- [           main] com.zaxxer.hikari.HikariDataSource       : HikariPool-1 - Start completed.
2024-03-10T10:49:24.246-03:00  INFO 21220 --- [           main] o.hibernate.jpa.internal.util.LogHelper  : HHH000204: Processing PersistenceUnitInfo [name: default]
2024-03-10T10:49:24.369-03:00  INFO 21220 --- [           main] org.hibernate.Version                    : HHH000412: Hibernate ORM core version 6.2.22.Final
2024-03-10T10:49:24.372-03:00  INFO 21220 --- [           main] org.hibernate.cfg.Environment            : HHH000406: Using bytecode reflection optimizer
2024-03-10T10:49:24.858-03:00  INFO 21220 --- [           main] o.s.o.j.p.SpringPersistenceUnitInfo      : No LoadTimeWeaver setup: ignoring JPA class transformer
2024-03-10T10:49:24.933-03:00  WARN 21220 --- [           main] org.hibernate.orm.deprecation            : HHH90000025: H2Dialect does not need to be specified explicitly using 'hibernate.dialect' (remove the property setting and it will be selected by default)
2024-03-10T10:49:26.147-03:00  INFO 21220 --- [           main] o.h.e.t.j.p.i.JtaPlatformInitiator       : HHH000489: No JTA platform available (set 'hibernate.transaction.jta.platform' to enable JTA platform integration)
2024-03-10T10:49:26.150-03:00  INFO 21220 --- [           main] j.LocalContainerEntityManagerFactoryBean : Initialized JPA EntityManagerFactory for persistence unit 'default'
2024-03-10T10:49:26.810-03:00  INFO 21220 --- [           main] o.s.d.j.r.query.QueryEnhancerFactory     : Hibernate is in classpath; If applicable, HQL parser will be used.
2024-03-10T10:49:27.187-03:00  WARN 21220 --- [           main] JpaBaseConfiguration$JpaWebConfiguration : spring.jpa.open-in-view is enabled by default. Therefore, database queries may be performed during view rendering. Explicitly configure spring.jpa.open-in-view to disable this warning
2024-03-10T10:49:27.705-03:00  INFO 21220 --- [           main] o.s.b.a.h2.H2ConsoleAutoConfiguration    : H2 console available at '/h2-console'. Database available at 'jdbc:h2:~/test'
2024-03-10T10:49:27.798-03:00  INFO 21220 --- [           main] b.c.d.A.C.AppContatosApplicationTests    : Started AppContatosApplicationTests in 6.382 seconds (process running for 7.652)
]]></system-out>
    <system-err><![CDATA[WARNING: A Java agent has been loaded dynamically (C:\dev\apache-maven-3.9.6\localRepository\net\bytebuddy\byte-buddy-agent\1.14.12\byte-buddy-agent-1.14.12.jar)
WARNING: If a serviceability tool is in use, please run with -XX:+EnableDynamicAgentLoading to hide this warning
WARNING: If a serviceability tool is not in use, please run with -Djdk.instrument.traceUsage for more information
WARNING: Dynamic loading of agents will be disallowed by default in a future release
]]></system-err>
  </testcase>
</testsuite>